# JRE version: OpenJDK Runtime Environment (8.0_152-b06) (build 1.8.0_152-release-1136-b06)
# Java VM: OpenJDK 64-Bit Server VM (25.152-b06 mixed mode windows-amd64 compressed oops)
Heap:
 PSYoungGen      total 190976K, used 34160K [0x00000000eab00000, 0x00000000f9900000, 0x0000000100000000)
  eden space 167424K, 6% used [0x00000000eab00000,0x00000000eb55c118,0x00000000f4e80000)
  from space 23552K, 99% used [0x00000000f6e80000,0x00000000f857fef8,0x00000000f8580000)
  to   space 32768K, 0% used [0x00000000f4e80000,0x00000000f4e80000,0x00000000f6e80000)
 ParOldGen       total 132096K, used 48652K [0x00000000c0000000, 0x00000000c8100000, 0x00000000eab00000)
  object space 132096K, 36% used [0x00000000c0000000,0x00000000c2f833c0,0x00000000c8100000)
 Metaspace       used 62186K, capacity 64080K, committed 64344K, reserved 1105920K
  class space    used 8245K, capacity 8705K, committed 8832K, reserved 1048576K
GC Heap History (10 events):
Event: 33.316 GC heap before
{Heap before GC invocations=15 (full 2):
 PSYoungGen      total 123904K, used 123894K [0x00000000eab00000, 0x00000000f3180000, 0x0000000100000000)
  eden space 112640K, 100% used [0x00000000eab00000,0x00000000f1900000,0x00000000f1900000)
  from space 11264K, 99% used [0x00000000f2500000,0x00000000f2ffda80,0x00000000f3000000)
  to   space 12288K, 0% used [0x00000000f1900000,0x00000000f1900000,0x00000000f2500000)
 ParOldGen       total 82432K, used 15897K [0x00000000c0000000, 0x00000000c5080000, 0x00000000eab00000)
  object space 82432K, 19% used [0x00000000c0000000,0x00000000c0f86578,0x00000000c5080000)
 Metaspace       used 53967K, capacity 55768K, committed 55896K, reserved 1097728K
  class space    used 7349K, capacity 7807K, committed 7808K, reserved 1048576K
Event: 33.385 GC heap after
Heap after GC invocations=15 (full 2):
 PSYoungGen      total 124928K, used 12273K [0x00000000eab00000, 0x00000000f5b00000, 0x0000000100000000)
  eden space 112640K, 0% used [0x00000000eab00000,0x00000000eab00000,0x00000000f1900000)
  from space 12288K, 99% used [0x00000000f1900000,0x00000000f24fc4e8,0x00000000f2500000)
  to   space 17408K, 0% used [0x00000000f4a00000,0x00000000f4a00000,0x00000000f5b00000)
 ParOldGen       total 82432K, used 24882K [0x00000000c0000000, 0x00000000c5080000, 0x00000000eab00000)
  object space 82432K, 30% used [0x00000000c0000000,0x00000000c184cb68,0x00000000c5080000)
 Metaspace       used 53967K, capacity 55768K, committed 55896K, reserved 1097728K
  class space    used 7349K, capacity 7807K, committed 7808K, reserved 1048576K
}
Event: 39.204 GC heap before
{Heap before GC invocations=16 (full 2):
 PSYoungGen      total 124928K, used 124913K [0x00000000eab00000, 0x00000000f5b00000, 0x0000000100000000)
  eden space 112640K, 100% used [0x00000000eab00000,0x00000000f1900000,0x00000000f1900000)
  from space 12288K, 99% used [0x00000000f1900000,0x00000000f24fc4e8,0x00000000f2500000)
  to   space 17408K, 0% used [0x00000000f4a00000,0x00000000f4a00000,0x00000000f5b00000)
 ParOldGen       total 82432K, used 24882K [0x00000000c0000000, 0x00000000c5080000, 0x00000000eab00000)
  object space 82432K, 30% used [0x00000000c0000000,0x00000000c184cb68,0x00000000c5080000)
 Metaspace       used 55910K, capacity 57668K, committed 57944K, reserved 1099776K
  class space    used 7537K, capacity 7981K, committed 8064K, reserved 1048576K
Event: 39.307 GC heap after
Heap after GC invocations=16 (full 2):
 PSYoungGen      total 156160K, used 17392K [0x00000000eab00000, 0x00000000f6980000, 0x0000000100000000)
  eden space 138752K, 0% used [0x00000000eab00000,0x00000000eab00000,0x00000000f3280000)
  from space 17408K, 99% used [0x00000000f4a00000,0x00000000f5afc020,0x00000000f5b00000)
  to   space 24064K, 0% used [0x00000000f3280000,0x00000000f3280000,0x00000000f4a00000)
 ParOldGen       total 82432K, used 36109K [0x00000000c0000000, 0x00000000c5080000, 0x00000000eab00000)
  object space 82432K, 43% used [0x00000000c0000000,0x00000000c2343548,0x00000000c5080000)
 Metaspace       used 55910K, capacity 57668K, committed 57944K, reserved 1099776K
  class space    used 7537K, capacity 7981K, committed 8064K, reserved 1048576K
}
Event: 61.248 GC heap before
{Heap before GC invocations=17 (full 2):
 PSYoungGen      total 156160K, used 115708K [0x00000000eab00000, 0x00000000f6980000, 0x0000000100000000)
  eden space 138752K, 70% used [0x00000000eab00000,0x00000000f0b03110,0x00000000f3280000)
  from space 17408K, 99% used [0x00000000f4a00000,0x00000000f5afc020,0x00000000f5b00000)
  to   space 24064K, 0% used [0x00000000f3280000,0x00000000f3280000,0x00000000f4a00000)
 ParOldGen       total 82432K, used 36109K [0x00000000c0000000, 0x00000000c5080000, 0x00000000eab00000)
  object space 82432K, 43% used [0x00000000c0000000,0x00000000c2343548,0x00000000c5080000)
 Metaspace       used 57112K, capacity 58970K, committed 59028K, reserved 1099776K
  class space    used 7685K, capacity 8152K, committed 8192K, reserved 1048576K
Event: 61.310 GC heap after
Heap after GC invocations=17 (full 2):
 PSYoungGen      total 162816K, used 3590K [0x00000000eab00000, 0x00000000f8580000, 0x0000000100000000)
  eden space 138752K, 0% used [0x00000000eab00000,0x00000000eab00000,0x00000000f3280000)
  from space 24064K, 14% used [0x00000000f3280000,0x00000000f36019c0,0x00000000f4a00000)
  to   space 23552K, 0% used [0x00000000f6e80000,0x00000000f6e80000,0x00000000f8580000)
 ParOldGen       total 82432K, used 51160K [0x00000000c0000000, 0x00000000c5080000, 0x00000000eab00000)
  object space 82432K, 62% used [0x00000000c0000000,0x00000000c31f6390,0x00000000c5080000)
 Metaspace       used 57112K, capacity 58970K, committed 59028K, reserved 1099776K
  class space    used 7685K, capacity 8152K, committed 8192K, reserved 1048576K
}
Event: 61.310 GC heap before
{Heap before GC invocations=18 (full 3):
 PSYoungGen      total 162816K, used 3590K [0x00000000eab00000, 0x00000000f8580000, 0x0000000100000000)
  eden space 138752K, 0% used [0x00000000eab00000,0x00000000eab00000,0x00000000f3280000)
  from space 24064K, 14% used [0x00000000f3280000,0x00000000f36019c0,0x00000000f4a00000)
  to   space 23552K, 0% used [0x00000000f6e80000,0x00000000f6e80000,0x00000000f8580000)
 ParOldGen       total 82432K, used 51160K [0x00000000c0000000, 0x00000000c5080000, 0x00000000eab00000)
  object space 82432K, 62% used [0x00000000c0000000,0x00000000c31f6390,0x00000000c5080000)
 Metaspace       used 57112K, capacity 58970K, committed 59028K, reserved 1099776K
  class space    used 7685K, capacity 8152K, committed 8192K, reserved 1048576K
Event: 61.879 GC heap after
Heap after GC invocations=18 (full 3):
 PSYoungGen      total 162816K, used 0K [0x00000000eab00000, 0x00000000f8580000, 0x0000000100000000)
  eden space 138752K, 0% used [0x00000000eab00000,0x00000000eab00000,0x00000000f3280000)
  from space 24064K, 0% used [0x00000000f3280000,0x00000000f3280000,0x00000000f4a00000)
  to   space 23552K, 0% used [0x00000000f6e80000,0x00000000f6e80000,0x00000000f8580000)
 ParOldGen       total 132096K, used 34384K [0x00000000c0000000, 0x00000000c8100000, 0x00000000eab00000)
  object space 132096K, 26% used [0x00000000c0000000,0x00000000c2194390,0x00000000c8100000)
 Metaspace       used 57112K, capacity 58970K, committed 59028K, reserved 1099776K
  class space    used 7685K, capacity 8152K, committed 8192K, reserved 1048576K
}
Event: 67.063 GC heap before
{Heap before GC invocations=19 (full 3):
 PSYoungGen      total 162816K, used 138752K [0x00000000eab00000, 0x00000000f8580000, 0x0000000100000000)
  eden space 138752K, 100% used [0x00000000eab00000,0x00000000f3280000,0x00000000f3280000)
  from space 24064K, 0% used [0x00000000f3280000,0x00000000f3280000,0x00000000f4a00000)
  to   space 23552K, 0% used [0x00000000f6e80000,0x00000000f6e80000,0x00000000f8580000)
 ParOldGen       total 132096K, used 34384K [0x00000000c0000000, 0x00000000c8100000, 0x00000000eab00000)
  object space 132096K, 26% used [0x00000000c0000000,0x00000000c2194390,0x00000000c8100000)
 Metaspace       used 62172K, capacity 64080K, committed 64344K, reserved 1105920K
  class space    used 8245K, capacity 8705K, committed 8832K, reserved 1048576K
Event: 67.151 GC heap after
Heap after GC invocations=19 (full 3):
 PSYoungGen      total 190976K, used 23551K [0x00000000eab00000, 0x00000000f9900000, 0x0000000100000000)
  eden space 167424K, 0% used [0x00000000eab00000,0x00000000eab00000,0x00000000f4e80000)
  from space 23552K, 99% used [0x00000000f6e80000,0x00000000f857fef8,0x00000000f8580000)
  to   space 32768K, 0% used [0x00000000f4e80000,0x00000000f4e80000,0x00000000f6e80000)
 ParOldGen       total 132096K, used 48652K [0x00000000c0000000, 0x00000000c8100000, 0x00000000eab00000)
  object space 132096K, 36% used [0x00000000c0000000,0x00000000c2f833c0,0x00000000c8100000)
 Metaspace       used 62172K, capacity 64080K, committed 64344K, reserved 1105920K
  class space    used 8245K, capacity 8705K, committed 8832K, reserved 1048576K
}

